<?xml version="1.0" encoding="UTF-8"?>
<!-- Generated by org.testng.reporters.JUnitXMLReporter -->
<testsuite ignored="0" hostname="BOL-LT-220901C" failures="3" tests="3" name="Verifying Menu options" time="5.066" errors="0" timestamp="2022-09-22T11:59:07 BOT">
  <testcase classname="com.unosquare.tests.login_Test" name="loginFlow_TestCase" time="0.009">
    <failure type="java.lang.NullPointerException" message="Cannot invoke &amp;quot;com.unosquare.lib.AppLib.Flow()&amp;quot; because the return value of &amp;quot;com.unosquare.tests.login_Test.App()&amp;quot; is null">
      <![CDATA[java.lang.NullPointerException: Cannot invoke "com.unosquare.lib.AppLib.Flow()" because the return value of "com.unosquare.tests.login_Test.App()" is null
at com.unosquare.tests.login_Test.loginFlow_TestCase(login_Test.java:30)
at java.base/java.util.ArrayList.forEach(ArrayList.java:1511)
... Removed 25 stack frames]]>
    </failure>
  </testcase> <!-- loginFlow_TestCase -->
  <testcase classname="com.unosquare.tests.login_Test" name="login_TitleIsOk" time="0.001">
    <failure type="java.lang.NullPointerException" message="Cannot invoke &amp;quot;com.unosquare.lib.AppLib.Flow()&amp;quot; because the return value of &amp;quot;com.unosquare.tests.login_Test.App()&amp;quot; is null">
      <![CDATA[java.lang.NullPointerException: Cannot invoke "com.unosquare.lib.AppLib.Flow()" because the return value of "com.unosquare.tests.login_Test.App()" is null
at com.unosquare.tests.login_Test.login_TitleIsOk(login_Test.java:22)
at java.base/java.util.ArrayList.forEach(ArrayList.java:1511)
... Removed 25 stack frames]]>
    </failure>
  </testcase> <!-- login_TitleIsOk -->
  <testcase classname="com.unosquare.tests.aboutme_Test" name="aboutMeMenu_TestCase" time="5.005">
    <failure type="java.lang.NullPointerException" message="Cannot invoke &amp;quot;com.unosquare.lib.AppLib.Pages()&amp;quot; because the return value of &amp;quot;com.unosquare.tests.aboutme_Test.App()&amp;quot; is null">
      <![CDATA[java.lang.NullPointerException: Cannot invoke "com.unosquare.lib.AppLib.Pages()" because the return value of "com.unosquare.tests.aboutme_Test.App()" is null
at com.unosquare.tests.aboutme_Test.aboutMeMenu_TestCase(aboutme_Test.java:10)
at java.base/java.util.ArrayList.forEach(ArrayList.java:1511)
... Removed 25 stack frames]]>
    </failure>
  </testcase> <!-- aboutMeMenu_TestCase -->
</testsuite> <!-- Verifying Menu options -->
